0 info it worked if it ends with ok
1 verbose cli [ '/usr/bin/node', '/usr/bin/npm', 'adduser' ]
2 info using npm@3.5.2
3 info using node@v8.10.0
4 verbose adduser before first PUT { _id: 'org.couchdb.user:dan.olinski',
4 verbose adduser   name: 'dan.olinski',
4 verbose adduser   password: 'XXXXX',
4 verbose adduser   email: 'daniel.guterres@hotmail.com',
4 verbose adduser   type: 'user',
4 verbose adduser   roles: [],
4 verbose adduser   date: '2023-02-16T04:43:23.459Z' }
5 verbose request uri https://registry.npmjs.org/-/user/org.couchdb.user:dan.olinski
6 verbose request new user, so can't send auth
7 info attempt registry request try #1 at 9:43:23 PM
8 verbose request id f7d8f9ddc88edabe
9 http request PUT https://registry.npmjs.org/-/user/org.couchdb.user:dan.olinski
10 http 401 https://registry.npmjs.org/-/user/org.couchdb.user:dan.olinski
11 verbose headers { date: 'Thu, 16 Feb 2023 04:43:24 GMT',
11 verbose headers   'content-type': 'application/json',
11 verbose headers   'content-length': '94',
11 verbose headers   connection: 'keep-alive',
11 verbose headers   'cf-ray': '79a39f430c5abed4-YYC',
11 verbose headers   'www-authenticate': 'OTP',
11 verbose headers   'cf-cache-status': 'DYNAMIC',
11 verbose headers   'npm-notice': 'Please check your email for a one-time password (OTP)',
11 verbose headers   vary: 'Accept-Encoding',
11 verbose headers   server: 'cloudflare' }
12 warn notice Please check your email for a one-time password (OTP)
13 verbose request invalidating /root/.npm/registry.npmjs.org/-/user/org.couchdb.user_3Adan.olinski on PUT
14 verbose adduser back [ { Error: failed to authenticate: A One Time Password (OTP) by email is required. : -/user/org.couchdb.user:dan.olinski
14 verbose adduser     at makeError (/usr/share/npm/node_modules/npm-registry-client/lib/request.js:264:12)
14 verbose adduser     at CachingRegistryClient.<anonymous> (/usr/share/npm/node_modules/npm-registry-client/lib/request.js:252:14)
14 verbose adduser     at Request._callback (/usr/share/npm/node_modules/npm-registry-client/lib/request.js:172:14)
14 verbose adduser     at Request.self.callback (/usr/share/npm/node_modules/request/request.js:198:22)
14 verbose adduser     at emitTwo (events.js:126:13)
14 verbose adduser     at Request.emit (events.js:214:7)
14 verbose adduser     at Request.<anonymous> (/usr/share/npm/node_modules/request/request.js:1082:10)
14 verbose adduser     at emitOne (events.js:121:20)
14 verbose adduser     at Request.emit (events.js:211:7)
14 verbose adduser     at IncomingMessage.<anonymous> (/usr/share/npm/node_modules/request/request.js:1009:12) statusCode: 401, code: 'E401' },
14 verbose adduser   { ok: false,
14 verbose adduser     error: 'failed to authenticate: A One Time Password (OTP) by email is required.' },
14 verbose adduser   '{"ok":false,"error":"failed to authenticate: A One Time Password (OTP) by email is required."}' ]
15 warn adduser Incorrect username or password
15 warn adduser You can reset your account by visiting:
15 warn adduser
15 warn adduser     https://npmjs.org/forgot
16 verbose stack Error: failed to authenticate: A One Time Password (OTP) by email is required. : -/user/org.couchdb.user:dan.olinski
16 verbose stack     at makeError (/usr/share/npm/node_modules/npm-registry-client/lib/request.js:264:12)
16 verbose stack     at CachingRegistryClient.<anonymous> (/usr/share/npm/node_modules/npm-registry-client/lib/request.js:252:14)
16 verbose stack     at Request._callback (/usr/share/npm/node_modules/npm-registry-client/lib/request.js:172:14)
16 verbose stack     at Request.self.callback (/usr/share/npm/node_modules/request/request.js:198:22)
16 verbose stack     at emitTwo (events.js:126:13)
16 verbose stack     at Request.emit (events.js:214:7)
16 verbose stack     at Request.<anonymous> (/usr/share/npm/node_modules/request/request.js:1082:10)
16 verbose stack     at emitOne (events.js:121:20)
16 verbose stack     at Request.emit (events.js:211:7)
16 verbose stack     at IncomingMessage.<anonymous> (/usr/share/npm/node_modules/request/request.js:1009:12)
17 verbose statusCode 401
18 verbose cwd /mnt/g/System/Developer/lighthouseHome/lighthouse/lotide
19 error Linux 5.10.16.3-microsoft-standard-WSL2
20 error argv "/usr/bin/node" "/usr/bin/npm" "adduser"
21 error node v8.10.0
22 error npm  v3.5.2
23 error code E401
24 error failed to authenticate: A One Time Password (OTP) by email is required. : -/user/org.couchdb.user:dan.olinski
25 error If you need help, you may report this error at:
25 error     <https://github.com/npm/npm/issues>
26 verbose exit [ 1, true ]
